{"/home/keny/Documents/Andela/rca-barefoot-team3-fe/src/__test__/MyComponent.jsx": {"path":"/home/keny/Documents/Andela/rca-barefoot-team3-fe/src/__test__/MyComponent.jsx","statementMap":{"0":{"start":{"line":4,"column":2},"end":{"line":9,"column":4}}},"fnMap":{"0":{"name":"MyComponent","decl":{"start":{"line":3,"column":9},"end":{"line":3,"column":20}},"loc":{"start":{"line":3,"column":23},"end":{"line":10,"column":1}},"line":3}},"branchMap":{},"s":{"0":1},"f":{"0":1},"b":{},"_coverageSchema":"1a1c01bbd47fc00a2c39e90264f33305004495a9","hash":"0559c8c4680f872084d95e7ef7fda6fa8e3dfbd7"}
}
